Java HotSpot(TM) 64-Bit Server VM warning: ignoring option PermSize=32m; support was removed in 8.0
Java HotSpot(TM) 64-Bit Server VM warning: ignoring option MaxPermSize=256m; support was removed in 8.0
SLF4J: Failed to load class "org.slf4j.impl.StaticLoggerBinder".
SLF4J: Defaulting to no-operation (NOP) logger implementation
SLF4J: See http://www.slf4j.org/codes.html#StaticLoggerBinder for further details.
2022-03-14 18:31:12.538/1.727 Oracle Coherence 12.2.1.4.0 <Info> (thread=main, member=n/a): Loaded operational configuration from "jar:file:/home/summit/Oracle/Middleware/Oracle_Home/coherence/lib/coherence.jar!/tangosol-coherence.xml"
2022-03-14 18:31:12.577/1.766 Oracle Coherence 12.2.1.4.0 <Info> (thread=main, member=n/a): Loaded operational overrides from "jar:file:/home/summit/Oracle/Middleware/Oracle_Home/coherence/lib/coherence.jar!/tangosol-coherence-override-dev.xml"
2022-03-14 18:31:12.578/1.767 Oracle Coherence 12.2.1.4.0 <Info> (thread=main, member=n/a): Optional configuration override "/tangosol-coherence-override.xml" is not specified
2022-03-14 18:31:12.581/1.770 Oracle Coherence 12.2.1.4.0 <Info> (thread=main, member=n/a): Optional configuration override "cache-factory-config.xml" is not specified
2022-03-14 18:31:12.582/1.771 Oracle Coherence 12.2.1.4.0 <Info> (thread=main, member=n/a): Optional configuration override "cache-factory-builder-config.xml" is not specified
2022-03-14 18:31:12.583/1.772 Oracle Coherence 12.2.1.4.0 <Info> (thread=main, member=n/a): Optional configuration override "/custom-mbeans.xml" is not specified

Oracle Coherence Version 12.2.1.4.0 Build 74888
 Grid Edition: Development mode
Copyright (c) 2000, 2019, Oracle and/or its affiliates. All rights reserved.

2022-03-14 18:31:13.197/2.386 Oracle Coherence GE 12.2.1.4.0 <Info> (thread=main, member=n/a): The cluster name has not been configured, a value of "summit's cluster" has been automatically generated
2022-03-14 18:31:13.224/2.413 Oracle Coherence GE 12.2.1.4.0 <Info> (thread=main, member=n/a): Created cache factory com.tangosol.net.ExtensibleConfigurableCacheFactory
mar 14, 2022 6:31:13 PM oracle.dms.instrument.Noun findOrCreateByPath
ADVERTÊNCIA: Tentativa de criar um nome /DMS-Internal preexistente, do tipo n/a, com um tipo de conflito n/d.
mar 14, 2022 6:31:13 PM oracle.soa.scac.ValidateComposite loadWSDLs
ADVERTÊNCIA: Validating WSDLs from WSDLManager....  with option UseSoaInfraMds:false
mar 14, 2022 6:31:13 PM oracle.fabric.common.wsdl.SchemaManager isIncrementalBuildSupported
INFORMAÇÕES: XMLSchema incremental build enabled.
